2015-10-15 13:57:31 [main] 53::: ERROR org.gserver.core.server.loader.ServerConfigXmlLoader - java.io.FileNotFoundException: server-config.xml (系统找不到指定的文件。)
2015-10-15 14:10:10 [main] 53::: ERROR org.gserver.core.server.loader.ServerConfigXmlLoader - java.io.FileNotFoundException: server-config.xml (系统找不到指定的文件。)
2015-10-15 14:11:03 [main] 53::: ERROR org.gserver.core.server.loader.ServerConfigXmlLoader - java.io.FileNotFoundException: server-config.xml (系统找不到指定的文件。)
2015-10-15 14:11:15 [main] 53::: ERROR org.gserver.core.server.loader.ServerConfigXmlLoader - java.io.FileNotFoundException: server-config.xml (系统找不到指定的文件。)
2015-10-15 14:25:20 [main] 51::: INFO  org.gserver.core.server.loader.ServerConfigXmlLoader - load server config !
2015-10-15 14:31:22 [main] 51::: INFO  org.gserver.core.server.loader.ServerConfigXmlLoader - load server config !
2015-10-15 14:31:22 [main] 412::: INFO  org.springframework.context.support.AbstractApplicationContext - Refreshing org.springframework.context.support.ClassPathXmlApplicationContext@58a17083: display name [org.springframework.context.support.ClassPathXmlApplicationContext@58a17083]; startup date [Thu Oct 15 14:31:22 CST 2015]; root of context hierarchy
2015-10-15 14:31:22 [main] 323::: INFO  org.springframework.beans.factory.xml.XmlBeanDefinitionReader - Loading XML bean definitions from class path resource [gs-handlers.xml]
2015-10-15 14:31:22 [main] 427::: INFO  org.springframework.context.support.AbstractApplicationContext - Bean factory for application context [org.springframework.context.support.ClassPathXmlApplicationContext@58a17083]: org.springframework.beans.factory.support.DefaultListableBeanFactory@2a9df354
2015-10-15 14:31:22 [main] 414::: INFO  org.springframework.beans.factory.support.DefaultListableBeanFactory - Pre-instantiating singletons in org.springframework.beans.factory.support.DefaultListableBeanFactory@2a9df354: defining beans [handler100]; root of factory hierarchy
2015-10-15 14:31:22 [main] 399::: INFO  org.springframework.beans.factory.support.DefaultSingletonBeanRegistry - Destroying singletons in org.springframework.beans.factory.support.DefaultListableBeanFactory@2a9df354: defining beans [handler100]; root of factory hierarchy
2015-10-15 14:31:58 [main] 51::: INFO  org.gserver.core.server.loader.ServerConfigXmlLoader - load server config !
2015-10-15 14:31:58 [main] 412::: INFO  org.springframework.context.support.AbstractApplicationContext - Refreshing org.springframework.context.support.ClassPathXmlApplicationContext@35c0e45a: display name [org.springframework.context.support.ClassPathXmlApplicationContext@35c0e45a]; startup date [Thu Oct 15 14:31:58 CST 2015]; root of context hierarchy
2015-10-15 14:31:58 [main] 323::: INFO  org.springframework.beans.factory.xml.XmlBeanDefinitionReader - Loading XML bean definitions from class path resource [gs-handlers.xml]
2015-10-15 14:31:58 [main] 427::: INFO  org.springframework.context.support.AbstractApplicationContext - Bean factory for application context [org.springframework.context.support.ClassPathXmlApplicationContext@35c0e45a]: org.springframework.beans.factory.support.DefaultListableBeanFactory@2393385d
2015-10-15 14:31:58 [main] 414::: INFO  org.springframework.beans.factory.support.DefaultListableBeanFactory - Pre-instantiating singletons in org.springframework.beans.factory.support.DefaultListableBeanFactory@2393385d: defining beans []; root of factory hierarchy
2015-10-15 14:35:36 [main] 51::: INFO  org.gserver.core.server.loader.ServerConfigXmlLoader - load server config !
2015-10-15 14:35:36 [main] 412::: INFO  org.springframework.context.support.AbstractApplicationContext - Refreshing org.springframework.context.support.ClassPathXmlApplicationContext@4ca31e1b: display name [org.springframework.context.support.ClassPathXmlApplicationContext@4ca31e1b]; startup date [Thu Oct 15 14:35:36 CST 2015]; root of context hierarchy
2015-10-15 14:35:36 [main] 323::: INFO  org.springframework.beans.factory.xml.XmlBeanDefinitionReader - Loading XML bean definitions from class path resource [gs-handlers.xml]
2015-10-15 14:35:36 [main] 427::: INFO  org.springframework.context.support.AbstractApplicationContext - Bean factory for application context [org.springframework.context.support.ClassPathXmlApplicationContext@4ca31e1b]: org.springframework.beans.factory.support.DefaultListableBeanFactory@38dda25b
2015-10-15 14:35:36 [main] 414::: INFO  org.springframework.beans.factory.support.DefaultListableBeanFactory - Pre-instantiating singletons in org.springframework.beans.factory.support.DefaultListableBeanFactory@38dda25b: defining beans []; root of factory hierarchy
2015-10-15 14:35:36 [Thread-0] 36::: INFO  org.gserver.core.server.impl.Server - Server Gate1 Start At Port 8000
2015-10-15 15:30:58 [main] 51::: INFO  org.gserver.core.server.loader.ServerConfigXmlLoader - load server config !
2015-10-15 15:30:58 [main] 412::: INFO  org.springframework.context.support.AbstractApplicationContext - Refreshing org.springframework.context.support.ClassPathXmlApplicationContext@42698403: display name [org.springframework.context.support.ClassPathXmlApplicationContext@42698403]; startup date [Thu Oct 15 15:30:58 CST 2015]; root of context hierarchy
2015-10-15 15:30:58 [main] 323::: INFO  org.springframework.beans.factory.xml.XmlBeanDefinitionReader - Loading XML bean definitions from class path resource [gs-handlers.xml]
2015-10-15 15:30:58 [main] 427::: INFO  org.springframework.context.support.AbstractApplicationContext - Bean factory for application context [org.springframework.context.support.ClassPathXmlApplicationContext@42698403]: org.springframework.beans.factory.support.DefaultListableBeanFactory@3a64c34e
2015-10-15 15:30:58 [main] 414::: INFO  org.springframework.beans.factory.support.DefaultListableBeanFactory - Pre-instantiating singletons in org.springframework.beans.factory.support.DefaultListableBeanFactory@3a64c34e: defining beans []; root of factory hierarchy
2015-10-15 15:30:58 [Thread-0] 36::: INFO  org.gserver.core.server.impl.Server - Server Gate1 Start At Port 8000
